


ARM Macro Assembler    Page 1 


    1 00000000         #line   1                "RTE\\Device\\ADuCM3029\\startu
p_ADuCM3029.s"
    1 00000000         ;
    2 00000000         
    3 00000000         
    4 00000000         
    5 00000000         
    6 00000000         
    7 00000000         
    8 00000000         
    9 00000000         
   10 00000000         
   11 00000000         ;
   12 00000000         
   13 00000000         
   14 00000000         
   15 00000000         
   16 00000000         
   17 00000000         
   18 00000000         
   19 00000000         
   20 00000000         
   21 00000000         
   22 00000000         
   23 00000000         
   24 00000000         
   25 00000000         
   26 00000000         
   27 00000000         
   28 00000000         
   29 00000000         
   30 00000000         
   31 00000000         
   32 00000000         
   33 00000000         
   34 00000000         
   35 00000000         
   36 00000000         
   37 00000000         
   38 00000000         
   39 00000000         
   40 00000000         
   41 00000000         #line   1                "C:\\Users\\Admin\\AppData\\Loc
al\\Arm\\Packs\\AnalogDevices\\ADuCM302x_DFP\\3.2.1\\Include\\rtos_map/adi_rtos
_map.h"
    1 00000000         
    2 00000000         
    3 00000000         
    4 00000000         
    5 00000000         
    6 00000000         
    7 00000000         
    8 00000000         
    9 00000000         
   10 00000000         
   11 00000000         
   12 00000000         
   13 00000000         
   14 00000000         



ARM Macro Assembler    Page 2 


   15 00000000         
   16 00000000         
   17 00000000         
   18 00000000         
   19 00000000         
   20 00000000         
   21 00000000         
   22 00000000         
   23 00000000         
   24 00000000         
   25 00000000         
   26 00000000         
   27 00000000         
   28 00000000         
   29 00000000         
   30 00000000         
   31 00000000         
   32 00000000         
   33 00000000         
   34 00000000         
   35 00000000         
   36 00000000         
   37 00000000         
   38 00000000         
   39 00000000         
   40 00000000         
   41 00000000         
   42 00000000         
   43 00000000         
   44 00000000         
   45 00000000         
   46 00000000         
   47 00000000         
   48 00000000         
   49 00000000         
   50 00000000         
   51 00000000         
   52 00000000         
   53 00000000         
   54 00000000         
   55 00000000         #line   1                ".\\RTE\\Device\\ADuCM3029\\adi
_global_config.h"
    1 00000000         
    2 00000000         
    3 00000000         
    4 00000000         
    5 00000000         
    6 00000000         
    7 00000000         
    8 00000000         
    9 00000000         
   10 00000000         
   11 00000000         
   12 00000000         
   13 00000000         
   14 00000000         
   15 00000000         
   16 00000000         
   17 00000000         



ARM Macro Assembler    Page 3 


   18 00000000         
   19 00000000         
   20 00000000         
   21 00000000         
   22 00000000         
   23 00000000         
   24 00000000         
   25 00000000         
   26 00000000         
   27 00000000         
   28 00000000         
   29 00000000         
   30 00000000         
   31 00000000         
   32 00000000         
   33 00000000         
   34 00000000         
   35 00000000         
   36 00000000         
   37 00000000         
   38 00000000         
   39 00000000         
   40 00000000         
   41 00000000         
   42 00000000         
   43 00000000         
   44 00000000         
   45 00000000         
   46 00000000         
   47 00000000         
   48 00000000         
   49 00000000         
   50 00000000         
   51 00000000         
   52 00000000         
   53 00000000         
   54 00000000         
   55 00000000         
   56 00000000         
   57 00000000         
   58 00000000         
   59 00000000         
   60 00000000         
   61 00000000         
   62 00000000         
   63 00000000         
   64 00000000         
   65 00000000         
   66 00000000         
   67 00000000         
   68 00000000         
   69 00000000         
   70 00000000         
   71 00000000         
   72 00000000         
   73 00000000         
   74 00000000         
   75 00000000         
   76 00000000         



ARM Macro Assembler    Page 4 


   77 00000000         
   78 00000000         
   79 00000000         
   80 00000000         
   81 00000000         
   82 00000000         
   83 00000000         
   84 00000000         
   85 00000000         
   86 00000000         
   87 00000000         
   88 00000000         
   89 00000000         
   90 00000000         
   91 00000000         
   92 00000000         
   93 00000000         
   94 00000000         
   95 00000000         
   96 00000000         
   97 00000000         
   98 00000000         
   99 00000000         
  100 00000000         
  101 00000000         
  102 00000000         
  103 00000000         
  104 00000000         
  105 00000000         
  106 00000000         
  107 00000000         
  108 00000000         
  109 00000000         
  110 00000000         
  111 00000000         
  112 00000000         
  113 00000000         
  114 00000000         
  115 00000000         
  116 00000000         
  117 00000000         
  118 00000000         
  119 00000000         
  120 00000000         
  121 00000000         
  122 00000000         
  123 00000000         
  124 00000000         
  125 00000000         #line   132              ".\\RTE\\Device\\ADuCM3029\\adi
_global_config.h"
  132 00000000         
  133 00000000         
  134 00000000         
  135 00000000         
  136 00000000         
  137 00000000         
  138 00000000         
  139 00000000         
  140 00000000         



ARM Macro Assembler    Page 5 


  141 00000000         
  142 00000000         
  143 00000000         
  144 00000000         
  145 00000000         #line   56               "C:\\Users\\Admin\\AppData\\Loc
al\\Arm\\Packs\\AnalogDevices\\ADuCM302x_DFP\\3.2.1\\Include\\rtos_map/adi_rtos
_map.h"
   56 00000000         
   57 00000000         #line   74               "C:\\Users\\Admin\\AppData\\Loc
al\\Arm\\Packs\\AnalogDevices\\ADuCM302x_DFP\\3.2.1\\Include\\rtos_map/adi_rtos
_map.h"
   74 00000000         
   75 00000000         #line   1                "C:\\Users\\Admin\\AppData\\Loc
al\\Arm\\Packs\\AnalogDevices\\ADuCM302x_DFP\\3.2.1\\Include\\rtos_map/adi_rtos
_map_noos.h"
    1 00000000         
    2 00000000         
    3 00000000         
    4 00000000         
    5 00000000         
    6 00000000         
    7 00000000         
    8 00000000         
    9 00000000         
   10 00000000         
   11 00000000         
   12 00000000         
   13 00000000         
   14 00000000         
   15 00000000         
   16 00000000         
   17 00000000         
   18 00000000         
   19 00000000         
   20 00000000         
   21 00000000         
   22 00000000         
   23 00000000         
   24 00000000         
   25 00000000         
   26 00000000         
   27 00000000         
   28 00000000         
   29 00000000         
   30 00000000         
   31 00000000         
   32 00000000         
   33 00000000         
   34 00000000         
   35 00000000         
   36 00000000         
   37 00000000         
   38 00000000         
   39 00000000         
   40 00000000         
   41 00000000         
   42 00000000         
   43 00000000         
   44 00000000         



ARM Macro Assembler    Page 6 


   45 00000000         
   46 00000000         
   47 00000000         
   48 00000000         
   49 00000000         
   50 00000000         
   51 00000000         #line   173              "C:\\Users\\Admin\\AppData\\Loc
al\\Arm\\Packs\\AnalogDevices\\ADuCM302x_DFP\\3.2.1\\Include\\rtos_map/adi_rtos
_map_noos.h"
  173 00000000         
  174 00000000         
  175 00000000         
  176 00000000         
  177 00000000         
  178 00000000         
  179 00000000         
  180 00000000         
  181 00000000         #line   76               "C:\\Users\\Admin\\AppData\\Loc
al\\Arm\\Packs\\AnalogDevices\\ADuCM302x_DFP\\3.2.1\\Include\\rtos_map/adi_rtos
_map.h"
   76 00000000         
   77 00000000         
   78 00000000         
   79 00000000         #line   42               "RTE\\Device\\ADuCM3029\\startu
p_ADuCM3029.s"
   42 00000000         
   43 00000000         
   44 00000000         ; ISRAM is enabled by default and can be disabled by usi
                       ng the following macro.
   45 00000000         ; ISRAM must be disabled here when using SRAM MODES 2 or
                        3.
   46 00000000         
   47 00000000         ;
   48 00000000         
   49 00000000         
   50 00000000         
   51 00000000         
   52 00000000         
   53 00000000         
   54 00000000         
   55 00000000         
   56 00000000         
   57 00000000         ; <h> Stack Configuration
   58 00000000         ;   <o> Stack Size (in Bytes) <0x0-0xFFFFFFFF:8>
   59 00000000         ; </h>
   60 00000000         
   61 00000000 00000400 
                       Stack_Size
                               EQU              0x00000400
   62 00000000         
   63 00000000                 AREA             STACK, NOINIT, READWRITE, ALIGN
=3
   64 00000000         Stack_Mem
                               SPACE            Stack_Size
   65 00000400         __initial_sp
   66 00000400         
   67 00000400         
   68 00000400         ; <h> Heap Configuration
   69 00000400         ;   <o>  Heap Size (in Bytes) <0x0-0xFFFFFFFF:8>



ARM Macro Assembler    Page 7 


   70 00000400         ; </h>
   71 00000400         
   72 00000400 00000C00 
                       Heap_Size
                               EQU              0x00000C00
   73 00000400         
   74 00000400                 AREA             HEAP, NOINIT, READWRITE, ALIGN=
3
   75 00000000         __heap_base
   76 00000000         Heap_Mem
                               SPACE            Heap_Size
   77 00000C00         __heap_limit
   78 00000C00         
   79 00000C00         
   80 00000C00                 PRESERVE8
   81 00000C00                 THUMB
   82 00000C00         
   83 00000C00         
   84 00000C00         ; Vector Table Mapped to Address 0 at Reset
   85 00000C00         
   86 00000C00                 AREA             RESET, DATA, READONLY
   87 00000000                 EXPORT           __Vectors
   88 00000000                 EXPORT           __Vectors_End
   89 00000000                 EXPORT           __Vectors_Size
   90 00000000         
   91 00000000 00000000 
                       __Vectors
                               DCD              __initial_sp ; Top of Stack
   92 00000004 00000000        DCD              Reset_Handler ; Reset Handler
   93 00000008 00000000        DCD              NMI_Handler ; NMI Handler
   94 0000000C 00000000        DCD              HardFault_Handler ; Hard Fault 
                                                            Handler
   95 00000010 00000000        DCD              MemManage_Handler 
                                                            ; MPU Fault Handler
                                                            
   96 00000014 00000000        DCD              BusFault_Handler 
                                                            ; Bus Fault Handler
                                                            
   97 00000018 00000000        DCD              UsageFault_Handler ; Usage Faul
                                                            t Handler
   98 0000001C 00000000        DCD              0           ; Reserved
   99 00000020 00000000        DCD              0           ; Reserved
  100 00000024 00000000        DCD              0           ; Reserved
  101 00000028 00000000        DCD              0           ; Reserved
  102 0000002C 00000000        DCD              SVC_Handler ; SVCall Handler
  103 00000030 00000000        DCD              DebugMon_Handler ; Debug Monito
                                                            r Handler
  104 00000034 00000000        DCD              0           ; Reserved
  105 00000038 00000000        DCD              PendSV_Handler ; PendSV Handler
                                                            
  106 0000003C 00000000        DCD              SysTick_Handler 
                                                            ; SysTick Handler
  107 00000040         
  108 00000040         ; External Interrupts
  109 00000040 00000000        DCD              RTC1_Int_Handler ; Real Time Cl
                                                            ock 1          
  110 00000044 00000000        DCD              Ext_Int0_Handler ; External Int
                                                            errupt 0       
  111 00000048 00000000        DCD              Ext_Int1_Handler ; External Int



ARM Macro Assembler    Page 8 


                                                            errupt 1       
  112 0000004C 00000000        DCD              Ext_Int2_Handler ; External Int
                                                            errupt 2       
  113 00000050 00000000        DCD              Ext_Int3_Handler ; External Int
                                                            errupt 3       
  114 00000054 00000000        DCD              WDog_Tmr_Int_Handler ; Watchdog
                                                             Timer             
                                                            
  115 00000058 00000000        DCD              Vreg_over_Int_Handler ; VREG Ov
                                                            er                 
                                                             
  116 0000005C 00000000        DCD              Battery_Voltage_Int_Handler ; B
                                                            attery Voltage Rang
                                                            e      
  117 00000060 00000000        DCD              RTC0_Int_Handler ; Real Time Cl
                                                            ock 0          
  118 00000064 00000000        DCD              GPIO_A_Int_Handler ; GPIO Int A
                                                                             
  119 00000068 00000000        DCD              GPIO_B_Int_Handler ; GPIO Int B
                                                                             
  120 0000006C 00000000        DCD              GP_Tmr0_Int_Handler ; GP Timer 
                                                            0                 
  121 00000070 00000000        DCD              GP_Tmr1_Int_Handler ; GP Timer 
                                                            1                 
  122 00000074 00000000        DCD              Flash0_Int_Handler ; Flash Cont
                                                            roller           
  123 00000078 00000000        DCD              UART_Int_Handler ; UART0       
                                                                           
  124 0000007C 00000000        DCD              SPI0_Int_Handler ; SPI0        
                                                                           
  125 00000080 00000000        DCD              SPI2_Int_Handler ; SPI-H       
                                                                           
  126 00000084 00000000        DCD              I2C0_Slave_Int_Handler ; I2C0 S
                                                            lave               
                                                              
  127 00000088 00000000        DCD              I2C0_Master_Int_Handler ; I2C0 
                                                            Master             
                                                               
  128 0000008C 00000000        DCD              DMA_Err_Int_Handler ; DMA Error
                                                                              
  129 00000090 00000000        DCD              DMA_SPI2_TX_Int_Handler ; DMA C
                                                            hannel 0 Done      
                                                               
  130 00000094 00000000        DCD              DMA_SPI2_RX_Int_Handler ; DMA C
                                                            hannel 1 Done      
                                                               
  131 00000098 00000000        DCD              DMA_SPORT0A_Int_Handler ; DMA C
                                                            hannel 2 Done      
                                                               
  132 0000009C 00000000        DCD              DMA_SPORT0B_Int_Handler ; DMA C
                                                            hannel 3 Done      
                                                               
  133 000000A0 00000000        DCD              DMA_SPI0_TX_Int_Handler ; DMA C
                                                            hannel 4 Done      
                                                               
  134 000000A4 00000000        DCD              DMA_SPI0_RX_Int_Handler ; DMA C
                                                            hannel 5 Done      
                                                               
  135 000000A8 00000000        DCD              DMA_SPI1_TX_Int_Handler ; DMA C



ARM Macro Assembler    Page 9 


                                                            hannel 6 Done      
                                                               
  136 000000AC 00000000        DCD              DMA_SPI1_RX_Int_Handler ; DMA C
                                                            hannel 7 Done      
                                                               
  137 000000B0 00000000        DCD              DMA_UART_TX_Int_Handler ; DMA C
                                                            hannel 8 Done      
                                                               
  138 000000B4 00000000        DCD              DMA_UART_RX_Int_Handler ; DMA C
                                                            hannel 9 Done      
                                                               
  139 000000B8 00000000        DCD              DMA_I2C0_STX_Int_Handler ; DMA 
                                                            Channel 10 Done    
                                                                
  140 000000BC 00000000        DCD              DMA_I2C0_SRX_Int_Handler ; DMA 
                                                            Channel 11 Done    
                                                                
  141 000000C0 00000000        DCD              DMA_I2C0_MX_Int_Handler ; DMA C
                                                            hannel 12 Done     
                                                               
  142 000000C4 00000000        DCD              DMA_AES0_IN_Int_Handler ; DMA C
                                                            hannel 13 Done     
                                                               
  143 000000C8 00000000        DCD              DMA_AES0_OUT_Int_Handler ; DMA 
                                                            Channel 14 Done    
                                                                
  144 000000CC 00000000        DCD              DMA_FLASH0_Int_Handler ; DMA Ch
                                                            annel 15 Done      
                                                              
  145 000000D0 00000000        DCD              SPORT0A_Int_Handler ; SPORT0A  
                                                                              
  146 000000D4 00000000        DCD              SPORT0B_Int_Handler ; SPORT0B  
                                                                              
  147 000000D8 00000000        DCD              Crypto_Int_Handler ; Crypto    
                                                                             
  148 000000DC 00000000        DCD              DMA_ADC0_Int_Handler ; DMA Chan
                                                            nel 24 Done        
                                                            
  149 000000E0 00000000        DCD              GP_Tmr2_Int_Handler ; GP Timer 
                                                            2                 
  150 000000E4 00000000        DCD              Crystal_osc_Int_Handler ; Cryst
                                                            al Oscillator      
                                                               
  151 000000E8 00000000        DCD              SPI1_Int_Handler ; SPI1        
                                                                           
  152 000000EC 00000000        DCD              PLL_Int_Handler ; PLL          
                                                                          
  153 000000F0 00000000        DCD              RNG_Int_Handler ; Nandom Number
                                                             Generator    
  154 000000F4 00000000        DCD              Beep_Int_Handler ; Beeper      
                                                                           
  155 000000F8 00000000        DCD              ADC_Int_Handler ; ADC          
                                                                          
  156 000000FC 00000000        DCD              0           ; Reserved         
                                                                      
  157 00000100 00000000        DCD              0           ; Reserved         
                                                                      
  158 00000104 00000000        DCD              0           ; Reserved         
                                                                      



ARM Macro Assembler    Page 10 


  159 00000108 00000000        DCD              0           ; Reserved         
                                                                      
  160 0000010C 00000000        DCD              0           ; Reserved         
                                                                      
  161 00000110 00000000        DCD              0           ; Reserved         
                                                                      
  162 00000114 00000000        DCD              0           ; Reserved         
                                                                      
  163 00000118 00000000        DCD              0           ; Reserved         
                                                                      
  164 0000011C 00000000        DCD              0           ; Reserved         
                                                                      
  165 00000120 00000000        DCD              DMA_SIP0_Int_Handler ; DMA Chan
                                                            nel 16 Done (SIP)  
                                                            
  166 00000124 00000000        DCD              DMA_SIP1_Int_Handler ; DMA Chan
                                                            nel 17 Done (SIP)  
                                                            
  167 00000128 00000000        DCD              DMA_SIP2_Int_Handler ; DMA Chan
                                                            nel 18 Done (SIP)  
                                                            
  168 0000012C 00000000        DCD              DMA_SIP3_Int_Handler ; DMA Chan
                                                            nel 19 Done (SIP)  
                                                            
  169 00000130 00000000        DCD              DMA_SIP4_Int_Handler ; DMA Chan
                                                            nel 20 Done (SIP)  
                                                            
  170 00000134 00000000        DCD              DMA_SIP5_Int_Handler ; DMA Chan
                                                            nel 21 Done (SIP)  
                                                            
  171 00000138 00000000        DCD              DMA_SIP6_Int_Handler ; DMA Chan
                                                            nel 22 Done (SIP)  
                                                            
  172 0000013C 00000000        DCD              DMA_SIP7_Int_Handler ; DMA Chan
                                                            nel 23 Done (SIP)  
                                                            
  173 00000140 00000000        DCD              0           ; Reserved         
                                                                      
  174 00000144         __Vectors_End
  175 00000144         
  176 00000144 00000144 
                       __Vectors_Size
                               EQU              __Vectors_End - __Vectors
  177 00000144         
  178 00000144                 AREA             |.text|, CODE, READONLY
  179 00000000         
  180 00000000         
  181 00000000         ; Reset Handler
  182 00000000         
  183 00000000         Reset_Handler
                               PROC
  184 00000000                 EXPORT           Reset_Handler             [WEAK
]
  185 00000000                 IMPORT           SystemInit
  186 00000000                 IMPORT           __main
  187 00000000         #line   198              "RTE\\Device\\ADuCM3029\\startu
p_ADuCM3029.s"
  198 00000000 4806            LDR              R0, =SystemInit
  199 00000002 4780            BLX              R0



ARM Macro Assembler    Page 11 


  200 00000004 4806            LDR              R0, =__main
  201 00000006 4700            BX               R0
  202 00000008                 ENDP
  203 00000008         
  204 00000008         
  205 00000008         ; Dummy Exception Handlers (infinite loops which can be 
                       modified)
  206 00000008         
  207 00000008         NMI_Handler
                               PROC
  208 00000008                 EXPORT           NMI_Handler               [WEAK
]
  209 00000008 E7FE            B                .
  210 0000000A                 ENDP
  211 0000000A         HardFault_Handler
                               PROC
  212 0000000A         
  213 0000000A                 EXPORT           HardFault_Handler         [WEAK
]
  214 0000000A E7FE            B                .
  215 0000000C                 ENDP
  216 0000000C         MemManage_Handler
                               PROC
  217 0000000C         
  218 0000000C                 EXPORT           MemManage_Handler         [WEAK
]
  219 0000000C E7FE            B                .
  220 0000000E                 ENDP
  221 0000000E         BusFault_Handler
                               PROC
  222 0000000E         
  223 0000000E                 EXPORT           BusFault_Handler          [WEAK
]
  224 0000000E E7FE            B                .
  225 00000010                 ENDP
  226 00000010         UsageFault_Handler
                               PROC
  227 00000010         
  228 00000010                 EXPORT           UsageFault_Handler        [WEAK
]
  229 00000010 E7FE            B                .
  230 00000012                 ENDP
  231 00000012         SVC_Handler
                               PROC
  232 00000012                 EXPORT           SVC_Handler               [WEAK
]
  233 00000012 E7FE            B                .
  234 00000014                 ENDP
  235 00000014         DebugMon_Handler
                               PROC
  236 00000014         
  237 00000014                 EXPORT           DebugMon_Handler          [WEAK
]
  238 00000014 E7FE            B                .
  239 00000016                 ENDP
  240 00000016         PendSV_Handler
                               PROC
  241 00000016                 EXPORT           PendSV_Handler            [WEAK
]



ARM Macro Assembler    Page 12 


  242 00000016 E7FE            B                .
  243 00000018                 ENDP
  244 00000018         SysTick_Handler
                               PROC
  245 00000018                 EXPORT           SysTick_Handler           [WEAK
]
  246 00000018 E7FE            B                .
  247 0000001A                 ENDP
  248 0000001A         
  249 0000001A         Default_Handler
                               PROC
  250 0000001A         
  251 0000001A                 EXPORT           RTC1_Int_Handler            [WE
AK]
  252 0000001A                 EXPORT           Ext_Int0_Handler            [WE
AK]
  253 0000001A                 EXPORT           Ext_Int1_Handler            [WE
AK]
  254 0000001A                 EXPORT           Ext_Int2_Handler            [WE
AK]
  255 0000001A                 EXPORT           Ext_Int3_Handler            [WE
AK]
  256 0000001A                 EXPORT           WDog_Tmr_Int_Handler        [WE
AK]
  257 0000001A                 EXPORT           Vreg_over_Int_Handler       [WE
AK]
  258 0000001A                 EXPORT           Battery_Voltage_Int_Handler [WE
AK]
  259 0000001A                 EXPORT           RTC0_Int_Handler            [WE
AK]
  260 0000001A                 EXPORT           GPIO_A_Int_Handler          [WE
AK]
  261 0000001A                 EXPORT           GPIO_B_Int_Handler          [WE
AK]
  262 0000001A                 EXPORT           GP_Tmr0_Int_Handler         [WE
AK]
  263 0000001A                 EXPORT           GP_Tmr1_Int_Handler         [WE
AK]
  264 0000001A                 EXPORT           Flash0_Int_Handler          [WE
AK]
  265 0000001A                 EXPORT           UART_Int_Handler            [WE
AK]
  266 0000001A                 EXPORT           SPI0_Int_Handler            [WE
AK]
  267 0000001A                 EXPORT           SPI2_Int_Handler            [WE
AK]
  268 0000001A                 EXPORT           I2C0_Slave_Int_Handler      [WE
AK]
  269 0000001A                 EXPORT           I2C0_Master_Int_Handler     [WE
AK]
  270 0000001A                 EXPORT           DMA_Err_Int_Handler         [WE
AK]
  271 0000001A                 EXPORT           DMA_SPI2_TX_Int_Handler     [WE
AK]
  272 0000001A                 EXPORT           DMA_SPI2_RX_Int_Handler     [WE
AK]
  273 0000001A                 EXPORT           DMA_SPORT0A_Int_Handler     [WE
AK]
  274 0000001A                 EXPORT           DMA_SPORT0B_Int_Handler     [WE



ARM Macro Assembler    Page 13 


AK]
  275 0000001A                 EXPORT           DMA_SPI0_TX_Int_Handler     [WE
AK]
  276 0000001A                 EXPORT           DMA_SPI0_RX_Int_Handler     [WE
AK]
  277 0000001A                 EXPORT           DMA_SPI1_TX_Int_Handler     [WE
AK]
  278 0000001A                 EXPORT           DMA_SPI1_RX_Int_Handler     [WE
AK]
  279 0000001A                 EXPORT           DMA_UART_TX_Int_Handler     [WE
AK]
  280 0000001A                 EXPORT           DMA_UART_RX_Int_Handler     [WE
AK]
  281 0000001A                 EXPORT           DMA_I2C0_STX_Int_Handler    [WE
AK]
  282 0000001A                 EXPORT           DMA_I2C0_SRX_Int_Handler    [WE
AK]
  283 0000001A                 EXPORT           DMA_I2C0_MX_Int_Handler     [WE
AK]
  284 0000001A                 EXPORT           DMA_AES0_IN_Int_Handler     [WE
AK]
  285 0000001A                 EXPORT           DMA_AES0_OUT_Int_Handler    [WE
AK]
  286 0000001A                 EXPORT           DMA_FLASH0_Int_Handler      [WE
AK]
  287 0000001A                 EXPORT           SPORT0A_Int_Handler         [WE
AK]
  288 0000001A                 EXPORT           SPORT0B_Int_Handler         [WE
AK]
  289 0000001A                 EXPORT           Crypto_Int_Handler          [WE
AK]
  290 0000001A                 EXPORT           DMA_ADC0_Int_Handler        [WE
AK]
  291 0000001A                 EXPORT           GP_Tmr2_Int_Handler         [WE
AK]
  292 0000001A                 EXPORT           Crystal_osc_Int_Handler     [WE
AK]
  293 0000001A                 EXPORT           SPI1_Int_Handler            [WE
AK]
  294 0000001A                 EXPORT           PLL_Int_Handler             [WE
AK]
  295 0000001A                 EXPORT           RNG_Int_Handler             [WE
AK]
  296 0000001A                 EXPORT           Beep_Int_Handler            [WE
AK]
  297 0000001A                 EXPORT           ADC_Int_Handler             [WE
AK]
  298 0000001A                 EXPORT           DMA_SIP0_Int_Handler        [WE
AK]
  299 0000001A                 EXPORT           DMA_SIP1_Int_Handler        [WE
AK]
  300 0000001A                 EXPORT           DMA_SIP2_Int_Handler        [WE
AK]
  301 0000001A                 EXPORT           DMA_SIP3_Int_Handler        [WE
AK]
  302 0000001A                 EXPORT           DMA_SIP4_Int_Handler        [WE
AK]
  303 0000001A                 EXPORT           DMA_SIP5_Int_Handler        [WE
AK]



ARM Macro Assembler    Page 14 


  304 0000001A                 EXPORT           DMA_SIP6_Int_Handler        [WE
AK]
  305 0000001A                 EXPORT           DMA_SIP7_Int_Handler        [WE
AK]
  306 0000001A         
  307 0000001A         RTC1_Int_Handler
  308 0000001A         Ext_Int0_Handler
  309 0000001A         Ext_Int1_Handler
  310 0000001A         Ext_Int2_Handler
  311 0000001A         Ext_Int3_Handler
  312 0000001A         WDog_Tmr_Int_Handler
  313 0000001A         Vreg_over_Int_Handler
  314 0000001A         Battery_Voltage_Int_Handler
  315 0000001A         RTC0_Int_Handler
  316 0000001A         GPIO_A_Int_Handler
  317 0000001A         GPIO_B_Int_Handler
  318 0000001A         GP_Tmr0_Int_Handler
  319 0000001A         GP_Tmr1_Int_Handler
  320 0000001A         Flash0_Int_Handler
  321 0000001A         UART_Int_Handler
  322 0000001A         SPI0_Int_Handler
  323 0000001A         SPI2_Int_Handler
  324 0000001A         I2C0_Slave_Int_Handler
  325 0000001A         I2C0_Master_Int_Handler
  326 0000001A         DMA_Err_Int_Handler
  327 0000001A         DMA_SPI2_TX_Int_Handler
  328 0000001A         DMA_SPI2_RX_Int_Handler
  329 0000001A         DMA_SPORT0A_Int_Handler
  330 0000001A         DMA_SPORT0B_Int_Handler
  331 0000001A         DMA_SPI0_TX_Int_Handler
  332 0000001A         DMA_SPI0_RX_Int_Handler
  333 0000001A         DMA_SPI1_TX_Int_Handler
  334 0000001A         DMA_SPI1_RX_Int_Handler
  335 0000001A         DMA_UART_TX_Int_Handler
  336 0000001A         DMA_UART_RX_Int_Handler
  337 0000001A         DMA_I2C0_STX_Int_Handler
  338 0000001A         DMA_I2C0_SRX_Int_Handler
  339 0000001A         DMA_I2C0_MX_Int_Handler
  340 0000001A         DMA_AES0_IN_Int_Handler
  341 0000001A         DMA_AES0_OUT_Int_Handler
  342 0000001A         DMA_FLASH0_Int_Handler
  343 0000001A         SPORT0A_Int_Handler
  344 0000001A         SPORT0B_Int_Handler
  345 0000001A         Crypto_Int_Handler
  346 0000001A         DMA_ADC0_Int_Handler
  347 0000001A         GP_Tmr2_Int_Handler
  348 0000001A         Crystal_osc_Int_Handler
  349 0000001A         SPI1_Int_Handler
  350 0000001A         PLL_Int_Handler
  351 0000001A         RNG_Int_Handler
  352 0000001A         Beep_Int_Handler
  353 0000001A         ADC_Int_Handler
  354 0000001A         DMA_SIP0_Int_Handler
  355 0000001A         DMA_SIP1_Int_Handler
  356 0000001A         DMA_SIP2_Int_Handler
  357 0000001A         DMA_SIP3_Int_Handler
  358 0000001A         DMA_SIP4_Int_Handler
  359 0000001A         DMA_SIP5_Int_Handler
  360 0000001A         DMA_SIP6_Int_Handler



ARM Macro Assembler    Page 15 


  361 0000001A         DMA_SIP7_Int_Handler
  362 0000001A E7FE            B                .
  363 0000001C         
  364 0000001C                 ENDP
  365 0000001C         
  366 0000001C         
  367 0000001C                 ALIGN
  368 0000001C         
  369 0000001C         
  370 0000001C         ; User Initial Stack & Heap
  371 0000001C         
  372 0000001C                 IF               :DEF:__MICROLIB
  373 0000001C         
  374 0000001C                 EXPORT           __initial_sp
  375 0000001C                 EXPORT           __heap_base
  376 0000001C                 EXPORT           __heap_limit
  377 0000001C         
  378 0000001C                 ELSE
  393                          ENDIF
  394 0000001C         
  395 0000001C         
  396 0000001C                 END
              00000000 
              00000000 
Command Line: --debug --xref --cpreproc --diag_suppress=9931 --cpu=Cortex-M3 --
apcs=interwork --depend=.\out\startup_aducm3029.d -o.\out\startup_aducm3029.o -
I.\RTE\Device\ADuCM3029 -I.\RTE\_ADICUP3029 -IC:\Users\Admin\AppData\Local\Arm\
Packs\ARM\CMSIS-DSP\1.15.0\Include -IC:\Users\Admin\AppData\Local\Arm\Packs\ARM
\CMSIS-DSP\1.15.0\PrivateInclude -IC:\Users\Admin\AppData\Local\Arm\Packs\ARM\C
MSIS\5.9.0\CMSIS\Core\Include -IC:\Users\Admin\AppData\Local\Arm\Packs\AnalogDe
vices\ADuCM302x_DFP\3.2.1\Include -IC:\Users\Admin\AppData\Local\Arm\Packs\Anal
ogDevices\ADuCM302x_DFP\3.2.1\Include\drivers\dma -IC:\Users\Admin\AppData\Loca
l\Arm\Packs\AnalogDevices\ADuCM302x_DFP\3.2.1\Include\drivers\pwr --predefine="
__MICROLIB SETA 1" --predefine="__UVISION_VERSION SETA 535" --predefine="_RTE_ 
SETA 1" --predefine="_RTE_ SETA 1" --predefine="__ADUCM3029__ SETA 1" --predefi
ne="CHIPSEL_594X SETA 1" --cpreproc_opts=-U__STDC__,-D__ASSEMBLER__ --list=.\ou
t\startup_aducm3029.lst RTE\Device\ADuCM3029\startup_ADuCM3029.s



ARM Macro Assembler    Page 1 Alphabetic symbol ordering
Relocatable symbols

STACK 00000000

Symbol: STACK
   Definitions
      At line 63 in file RTE\\Device\\ADuCM3029\\startup_ADuCM3029.s
   Uses
      None
Comment: STACK unused
Stack_Mem 00000000

Symbol: Stack_Mem
   Definitions
      At line 64 in file RTE\\Device\\ADuCM3029\\startup_ADuCM3029.s
   Uses
      None
Comment: Stack_Mem unused
__initial_sp 00000400

Symbol: __initial_sp
   Definitions
      At line 65 in file RTE\\Device\\ADuCM3029\\startup_ADuCM3029.s
   Uses
      At line 91 in file RTE\\Device\\ADuCM3029\\startup_ADuCM3029.s
      At line 374 in file RTE\\Device\\ADuCM3029\\startup_ADuCM3029.s

3 symbols



ARM Macro Assembler    Page 1 Alphabetic symbol ordering
Relocatable symbols

HEAP 00000000

Symbol: HEAP
   Definitions
      At line 74 in file RTE\\Device\\ADuCM3029\\startup_ADuCM3029.s
   Uses
      None
Comment: HEAP unused
Heap_Mem 00000000

Symbol: Heap_Mem
   Definitions
      At line 76 in file RTE\\Device\\ADuCM3029\\startup_ADuCM3029.s
   Uses
      None
Comment: Heap_Mem unused
__heap_base 00000000

Symbol: __heap_base
   Definitions
      At line 75 in file RTE\\Device\\ADuCM3029\\startup_ADuCM3029.s
   Uses
      At line 375 in file RTE\\Device\\ADuCM3029\\startup_ADuCM3029.s
Comment: __heap_base used once
__heap_limit 00000C00

Symbol: __heap_limit
   Definitions
      At line 77 in file RTE\\Device\\ADuCM3029\\startup_ADuCM3029.s
   Uses
      At line 376 in file RTE\\Device\\ADuCM3029\\startup_ADuCM3029.s
Comment: __heap_limit used once
4 symbols



ARM Macro Assembler    Page 1 Alphabetic symbol ordering
Relocatable symbols

RESET 00000000

Symbol: RESET
   Definitions
      At line 86 in file RTE\\Device\\ADuCM3029\\startup_ADuCM3029.s
   Uses
      None
Comment: RESET unused
__Vectors 00000000

Symbol: __Vectors
   Definitions
      At line 91 in file RTE\\Device\\ADuCM3029\\startup_ADuCM3029.s
   Uses
      At line 87 in file RTE\\Device\\ADuCM3029\\startup_ADuCM3029.s
      At line 176 in file RTE\\Device\\ADuCM3029\\startup_ADuCM3029.s

__Vectors_End 00000144

Symbol: __Vectors_End
   Definitions
      At line 174 in file RTE\\Device\\ADuCM3029\\startup_ADuCM3029.s
   Uses
      At line 88 in file RTE\\Device\\ADuCM3029\\startup_ADuCM3029.s
      At line 176 in file RTE\\Device\\ADuCM3029\\startup_ADuCM3029.s

3 symbols



ARM Macro Assembler    Page 1 Alphabetic symbol ordering
Relocatable symbols

.text 00000000

Symbol: .text
   Definitions
      At line 178 in file RTE\\Device\\ADuCM3029\\startup_ADuCM3029.s
   Uses
      None
Comment: .text unused
ADC_Int_Handler 0000001A

Symbol: ADC_Int_Handler
   Definitions
      At line 353 in file RTE\\Device\\ADuCM3029\\startup_ADuCM3029.s
   Uses
      At line 155 in file RTE\\Device\\ADuCM3029\\startup_ADuCM3029.s
      At line 297 in file RTE\\Device\\ADuCM3029\\startup_ADuCM3029.s

Battery_Voltage_Int_Handler 0000001A

Symbol: Battery_Voltage_Int_Handler
   Definitions
      At line 314 in file RTE\\Device\\ADuCM3029\\startup_ADuCM3029.s
   Uses
      At line 116 in file RTE\\Device\\ADuCM3029\\startup_ADuCM3029.s
      At line 258 in file RTE\\Device\\ADuCM3029\\startup_ADuCM3029.s

Beep_Int_Handler 0000001A

Symbol: Beep_Int_Handler
   Definitions
      At line 352 in file RTE\\Device\\ADuCM3029\\startup_ADuCM3029.s
   Uses
      At line 154 in file RTE\\Device\\ADuCM3029\\startup_ADuCM3029.s
      At line 296 in file RTE\\Device\\ADuCM3029\\startup_ADuCM3029.s

BusFault_Handler 0000000E

Symbol: BusFault_Handler
   Definitions
      At line 221 in file RTE\\Device\\ADuCM3029\\startup_ADuCM3029.s
   Uses
      At line 96 in file RTE\\Device\\ADuCM3029\\startup_ADuCM3029.s
      At line 223 in file RTE\\Device\\ADuCM3029\\startup_ADuCM3029.s

Crypto_Int_Handler 0000001A

Symbol: Crypto_Int_Handler
   Definitions
      At line 345 in file RTE\\Device\\ADuCM3029\\startup_ADuCM3029.s
   Uses
      At line 147 in file RTE\\Device\\ADuCM3029\\startup_ADuCM3029.s
      At line 289 in file RTE\\Device\\ADuCM3029\\startup_ADuCM3029.s

Crystal_osc_Int_Handler 0000001A

Symbol: Crystal_osc_Int_Handler
   Definitions
      At line 348 in file RTE\\Device\\ADuCM3029\\startup_ADuCM3029.s
   Uses



ARM Macro Assembler    Page 2 Alphabetic symbol ordering
Relocatable symbols

      At line 150 in file RTE\\Device\\ADuCM3029\\startup_ADuCM3029.s
      At line 292 in file RTE\\Device\\ADuCM3029\\startup_ADuCM3029.s

DMA_ADC0_Int_Handler 0000001A

Symbol: DMA_ADC0_Int_Handler
   Definitions
      At line 346 in file RTE\\Device\\ADuCM3029\\startup_ADuCM3029.s
   Uses
      At line 148 in file RTE\\Device\\ADuCM3029\\startup_ADuCM3029.s
      At line 290 in file RTE\\Device\\ADuCM3029\\startup_ADuCM3029.s

DMA_AES0_IN_Int_Handler 0000001A

Symbol: DMA_AES0_IN_Int_Handler
   Definitions
      At line 340 in file RTE\\Device\\ADuCM3029\\startup_ADuCM3029.s
   Uses
      At line 142 in file RTE\\Device\\ADuCM3029\\startup_ADuCM3029.s
      At line 284 in file RTE\\Device\\ADuCM3029\\startup_ADuCM3029.s

DMA_AES0_OUT_Int_Handler 0000001A

Symbol: DMA_AES0_OUT_Int_Handler
   Definitions
      At line 341 in file RTE\\Device\\ADuCM3029\\startup_ADuCM3029.s
   Uses
      At line 143 in file RTE\\Device\\ADuCM3029\\startup_ADuCM3029.s
      At line 285 in file RTE\\Device\\ADuCM3029\\startup_ADuCM3029.s

DMA_Err_Int_Handler 0000001A

Symbol: DMA_Err_Int_Handler
   Definitions
      At line 326 in file RTE\\Device\\ADuCM3029\\startup_ADuCM3029.s
   Uses
      At line 128 in file RTE\\Device\\ADuCM3029\\startup_ADuCM3029.s
      At line 270 in file RTE\\Device\\ADuCM3029\\startup_ADuCM3029.s

DMA_FLASH0_Int_Handler 0000001A

Symbol: DMA_FLASH0_Int_Handler
   Definitions
      At line 342 in file RTE\\Device\\ADuCM3029\\startup_ADuCM3029.s
   Uses
      At line 144 in file RTE\\Device\\ADuCM3029\\startup_ADuCM3029.s
      At line 286 in file RTE\\Device\\ADuCM3029\\startup_ADuCM3029.s

DMA_I2C0_MX_Int_Handler 0000001A

Symbol: DMA_I2C0_MX_Int_Handler
   Definitions
      At line 339 in file RTE\\Device\\ADuCM3029\\startup_ADuCM3029.s
   Uses
      At line 141 in file RTE\\Device\\ADuCM3029\\startup_ADuCM3029.s
      At line 283 in file RTE\\Device\\ADuCM3029\\startup_ADuCM3029.s

DMA_I2C0_SRX_Int_Handler 0000001A




ARM Macro Assembler    Page 3 Alphabetic symbol ordering
Relocatable symbols

Symbol: DMA_I2C0_SRX_Int_Handler
   Definitions
      At line 338 in file RTE\\Device\\ADuCM3029\\startup_ADuCM3029.s
   Uses
      At line 140 in file RTE\\Device\\ADuCM3029\\startup_ADuCM3029.s
      At line 282 in file RTE\\Device\\ADuCM3029\\startup_ADuCM3029.s

DMA_I2C0_STX_Int_Handler 0000001A

Symbol: DMA_I2C0_STX_Int_Handler
   Definitions
      At line 337 in file RTE\\Device\\ADuCM3029\\startup_ADuCM3029.s
   Uses
      At line 139 in file RTE\\Device\\ADuCM3029\\startup_ADuCM3029.s
      At line 281 in file RTE\\Device\\ADuCM3029\\startup_ADuCM3029.s

DMA_SIP0_Int_Handler 0000001A

Symbol: DMA_SIP0_Int_Handler
   Definitions
      At line 354 in file RTE\\Device\\ADuCM3029\\startup_ADuCM3029.s
   Uses
      At line 165 in file RTE\\Device\\ADuCM3029\\startup_ADuCM3029.s
      At line 298 in file RTE\\Device\\ADuCM3029\\startup_ADuCM3029.s

DMA_SIP1_Int_Handler 0000001A

Symbol: DMA_SIP1_Int_Handler
   Definitions
      At line 355 in file RTE\\Device\\ADuCM3029\\startup_ADuCM3029.s
   Uses
      At line 166 in file RTE\\Device\\ADuCM3029\\startup_ADuCM3029.s
      At line 299 in file RTE\\Device\\ADuCM3029\\startup_ADuCM3029.s

DMA_SIP2_Int_Handler 0000001A

Symbol: DMA_SIP2_Int_Handler
   Definitions
      At line 356 in file RTE\\Device\\ADuCM3029\\startup_ADuCM3029.s
   Uses
      At line 167 in file RTE\\Device\\ADuCM3029\\startup_ADuCM3029.s
      At line 300 in file RTE\\Device\\ADuCM3029\\startup_ADuCM3029.s

DMA_SIP3_Int_Handler 0000001A

Symbol: DMA_SIP3_Int_Handler
   Definitions
      At line 357 in file RTE\\Device\\ADuCM3029\\startup_ADuCM3029.s
   Uses
      At line 168 in file RTE\\Device\\ADuCM3029\\startup_ADuCM3029.s
      At line 301 in file RTE\\Device\\ADuCM3029\\startup_ADuCM3029.s

DMA_SIP4_Int_Handler 0000001A

Symbol: DMA_SIP4_Int_Handler
   Definitions
      At line 358 in file RTE\\Device\\ADuCM3029\\startup_ADuCM3029.s
   Uses
      At line 169 in file RTE\\Device\\ADuCM3029\\startup_ADuCM3029.s



ARM Macro Assembler    Page 4 Alphabetic symbol ordering
Relocatable symbols

      At line 302 in file RTE\\Device\\ADuCM3029\\startup_ADuCM3029.s

DMA_SIP5_Int_Handler 0000001A

Symbol: DMA_SIP5_Int_Handler
   Definitions
      At line 359 in file RTE\\Device\\ADuCM3029\\startup_ADuCM3029.s
   Uses
      At line 170 in file RTE\\Device\\ADuCM3029\\startup_ADuCM3029.s
      At line 303 in file RTE\\Device\\ADuCM3029\\startup_ADuCM3029.s

DMA_SIP6_Int_Handler 0000001A

Symbol: DMA_SIP6_Int_Handler
   Definitions
      At line 360 in file RTE\\Device\\ADuCM3029\\startup_ADuCM3029.s
   Uses
      At line 171 in file RTE\\Device\\ADuCM3029\\startup_ADuCM3029.s
      At line 304 in file RTE\\Device\\ADuCM3029\\startup_ADuCM3029.s

DMA_SIP7_Int_Handler 0000001A

Symbol: DMA_SIP7_Int_Handler
   Definitions
      At line 361 in file RTE\\Device\\ADuCM3029\\startup_ADuCM3029.s
   Uses
      At line 172 in file RTE\\Device\\ADuCM3029\\startup_ADuCM3029.s
      At line 305 in file RTE\\Device\\ADuCM3029\\startup_ADuCM3029.s

DMA_SPI0_RX_Int_Handler 0000001A

Symbol: DMA_SPI0_RX_Int_Handler
   Definitions
      At line 332 in file RTE\\Device\\ADuCM3029\\startup_ADuCM3029.s
   Uses
      At line 134 in file RTE\\Device\\ADuCM3029\\startup_ADuCM3029.s
      At line 276 in file RTE\\Device\\ADuCM3029\\startup_ADuCM3029.s

DMA_SPI0_TX_Int_Handler 0000001A

Symbol: DMA_SPI0_TX_Int_Handler
   Definitions
      At line 331 in file RTE\\Device\\ADuCM3029\\startup_ADuCM3029.s
   Uses
      At line 133 in file RTE\\Device\\ADuCM3029\\startup_ADuCM3029.s
      At line 275 in file RTE\\Device\\ADuCM3029\\startup_ADuCM3029.s

DMA_SPI1_RX_Int_Handler 0000001A

Symbol: DMA_SPI1_RX_Int_Handler
   Definitions
      At line 334 in file RTE\\Device\\ADuCM3029\\startup_ADuCM3029.s
   Uses
      At line 136 in file RTE\\Device\\ADuCM3029\\startup_ADuCM3029.s
      At line 278 in file RTE\\Device\\ADuCM3029\\startup_ADuCM3029.s

DMA_SPI1_TX_Int_Handler 0000001A

Symbol: DMA_SPI1_TX_Int_Handler



ARM Macro Assembler    Page 5 Alphabetic symbol ordering
Relocatable symbols

   Definitions
      At line 333 in file RTE\\Device\\ADuCM3029\\startup_ADuCM3029.s
   Uses
      At line 135 in file RTE\\Device\\ADuCM3029\\startup_ADuCM3029.s
      At line 277 in file RTE\\Device\\ADuCM3029\\startup_ADuCM3029.s

DMA_SPI2_RX_Int_Handler 0000001A

Symbol: DMA_SPI2_RX_Int_Handler
   Definitions
      At line 328 in file RTE\\Device\\ADuCM3029\\startup_ADuCM3029.s
   Uses
      At line 130 in file RTE\\Device\\ADuCM3029\\startup_ADuCM3029.s
      At line 272 in file RTE\\Device\\ADuCM3029\\startup_ADuCM3029.s

DMA_SPI2_TX_Int_Handler 0000001A

Symbol: DMA_SPI2_TX_Int_Handler
   Definitions
      At line 327 in file RTE\\Device\\ADuCM3029\\startup_ADuCM3029.s
   Uses
      At line 129 in file RTE\\Device\\ADuCM3029\\startup_ADuCM3029.s
      At line 271 in file RTE\\Device\\ADuCM3029\\startup_ADuCM3029.s

DMA_SPORT0A_Int_Handler 0000001A

Symbol: DMA_SPORT0A_Int_Handler
   Definitions
      At line 329 in file RTE\\Device\\ADuCM3029\\startup_ADuCM3029.s
   Uses
      At line 131 in file RTE\\Device\\ADuCM3029\\startup_ADuCM3029.s
      At line 273 in file RTE\\Device\\ADuCM3029\\startup_ADuCM3029.s

DMA_SPORT0B_Int_Handler 0000001A

Symbol: DMA_SPORT0B_Int_Handler
   Definitions
      At line 330 in file RTE\\Device\\ADuCM3029\\startup_ADuCM3029.s
   Uses
      At line 132 in file RTE\\Device\\ADuCM3029\\startup_ADuCM3029.s
      At line 274 in file RTE\\Device\\ADuCM3029\\startup_ADuCM3029.s

DMA_UART_RX_Int_Handler 0000001A

Symbol: DMA_UART_RX_Int_Handler
   Definitions
      At line 336 in file RTE\\Device\\ADuCM3029\\startup_ADuCM3029.s
   Uses
      At line 138 in file RTE\\Device\\ADuCM3029\\startup_ADuCM3029.s
      At line 280 in file RTE\\Device\\ADuCM3029\\startup_ADuCM3029.s

DMA_UART_TX_Int_Handler 0000001A

Symbol: DMA_UART_TX_Int_Handler
   Definitions
      At line 335 in file RTE\\Device\\ADuCM3029\\startup_ADuCM3029.s
   Uses
      At line 137 in file RTE\\Device\\ADuCM3029\\startup_ADuCM3029.s
      At line 279 in file RTE\\Device\\ADuCM3029\\startup_ADuCM3029.s



ARM Macro Assembler    Page 6 Alphabetic symbol ordering
Relocatable symbols


DebugMon_Handler 00000014

Symbol: DebugMon_Handler
   Definitions
      At line 235 in file RTE\\Device\\ADuCM3029\\startup_ADuCM3029.s
   Uses
      At line 103 in file RTE\\Device\\ADuCM3029\\startup_ADuCM3029.s
      At line 237 in file RTE\\Device\\ADuCM3029\\startup_ADuCM3029.s

Default_Handler 0000001A

Symbol: Default_Handler
   Definitions
      At line 249 in file RTE\\Device\\ADuCM3029\\startup_ADuCM3029.s
   Uses
      None
Comment: Default_Handler unused
Ext_Int0_Handler 0000001A

Symbol: Ext_Int0_Handler
   Definitions
      At line 308 in file RTE\\Device\\ADuCM3029\\startup_ADuCM3029.s
   Uses
      At line 110 in file RTE\\Device\\ADuCM3029\\startup_ADuCM3029.s
      At line 252 in file RTE\\Device\\ADuCM3029\\startup_ADuCM3029.s

Ext_Int1_Handler 0000001A

Symbol: Ext_Int1_Handler
   Definitions
      At line 309 in file RTE\\Device\\ADuCM3029\\startup_ADuCM3029.s
   Uses
      At line 111 in file RTE\\Device\\ADuCM3029\\startup_ADuCM3029.s
      At line 253 in file RTE\\Device\\ADuCM3029\\startup_ADuCM3029.s

Ext_Int2_Handler 0000001A

Symbol: Ext_Int2_Handler
   Definitions
      At line 310 in file RTE\\Device\\ADuCM3029\\startup_ADuCM3029.s
   Uses
      At line 112 in file RTE\\Device\\ADuCM3029\\startup_ADuCM3029.s
      At line 254 in file RTE\\Device\\ADuCM3029\\startup_ADuCM3029.s

Ext_Int3_Handler 0000001A

Symbol: Ext_Int3_Handler
   Definitions
      At line 311 in file RTE\\Device\\ADuCM3029\\startup_ADuCM3029.s
   Uses
      At line 113 in file RTE\\Device\\ADuCM3029\\startup_ADuCM3029.s
      At line 255 in file RTE\\Device\\ADuCM3029\\startup_ADuCM3029.s

Flash0_Int_Handler 0000001A

Symbol: Flash0_Int_Handler
   Definitions
      At line 320 in file RTE\\Device\\ADuCM3029\\startup_ADuCM3029.s



ARM Macro Assembler    Page 7 Alphabetic symbol ordering
Relocatable symbols

   Uses
      At line 122 in file RTE\\Device\\ADuCM3029\\startup_ADuCM3029.s
      At line 264 in file RTE\\Device\\ADuCM3029\\startup_ADuCM3029.s

GPIO_A_Int_Handler 0000001A

Symbol: GPIO_A_Int_Handler
   Definitions
      At line 316 in file RTE\\Device\\ADuCM3029\\startup_ADuCM3029.s
   Uses
      At line 118 in file RTE\\Device\\ADuCM3029\\startup_ADuCM3029.s
      At line 260 in file RTE\\Device\\ADuCM3029\\startup_ADuCM3029.s

GPIO_B_Int_Handler 0000001A

Symbol: GPIO_B_Int_Handler
   Definitions
      At line 317 in file RTE\\Device\\ADuCM3029\\startup_ADuCM3029.s
   Uses
      At line 119 in file RTE\\Device\\ADuCM3029\\startup_ADuCM3029.s
      At line 261 in file RTE\\Device\\ADuCM3029\\startup_ADuCM3029.s

GP_Tmr0_Int_Handler 0000001A

Symbol: GP_Tmr0_Int_Handler
   Definitions
      At line 318 in file RTE\\Device\\ADuCM3029\\startup_ADuCM3029.s
   Uses
      At line 120 in file RTE\\Device\\ADuCM3029\\startup_ADuCM3029.s
      At line 262 in file RTE\\Device\\ADuCM3029\\startup_ADuCM3029.s

GP_Tmr1_Int_Handler 0000001A

Symbol: GP_Tmr1_Int_Handler
   Definitions
      At line 319 in file RTE\\Device\\ADuCM3029\\startup_ADuCM3029.s
   Uses
      At line 121 in file RTE\\Device\\ADuCM3029\\startup_ADuCM3029.s
      At line 263 in file RTE\\Device\\ADuCM3029\\startup_ADuCM3029.s

GP_Tmr2_Int_Handler 0000001A

Symbol: GP_Tmr2_Int_Handler
   Definitions
      At line 347 in file RTE\\Device\\ADuCM3029\\startup_ADuCM3029.s
   Uses
      At line 149 in file RTE\\Device\\ADuCM3029\\startup_ADuCM3029.s
      At line 291 in file RTE\\Device\\ADuCM3029\\startup_ADuCM3029.s

HardFault_Handler 0000000A

Symbol: HardFault_Handler
   Definitions
      At line 211 in file RTE\\Device\\ADuCM3029\\startup_ADuCM3029.s
   Uses
      At line 94 in file RTE\\Device\\ADuCM3029\\startup_ADuCM3029.s
      At line 213 in file RTE\\Device\\ADuCM3029\\startup_ADuCM3029.s

I2C0_Master_Int_Handler 0000001A



ARM Macro Assembler    Page 8 Alphabetic symbol ordering
Relocatable symbols


Symbol: I2C0_Master_Int_Handler
   Definitions
      At line 325 in file RTE\\Device\\ADuCM3029\\startup_ADuCM3029.s
   Uses
      At line 127 in file RTE\\Device\\ADuCM3029\\startup_ADuCM3029.s
      At line 269 in file RTE\\Device\\ADuCM3029\\startup_ADuCM3029.s

I2C0_Slave_Int_Handler 0000001A

Symbol: I2C0_Slave_Int_Handler
   Definitions
      At line 324 in file RTE\\Device\\ADuCM3029\\startup_ADuCM3029.s
   Uses
      At line 126 in file RTE\\Device\\ADuCM3029\\startup_ADuCM3029.s
      At line 268 in file RTE\\Device\\ADuCM3029\\startup_ADuCM3029.s

MemManage_Handler 0000000C

Symbol: MemManage_Handler
   Definitions
      At line 216 in file RTE\\Device\\ADuCM3029\\startup_ADuCM3029.s
   Uses
      At line 95 in file RTE\\Device\\ADuCM3029\\startup_ADuCM3029.s
      At line 218 in file RTE\\Device\\ADuCM3029\\startup_ADuCM3029.s

NMI_Handler 00000008

Symbol: NMI_Handler
   Definitions
      At line 207 in file RTE\\Device\\ADuCM3029\\startup_ADuCM3029.s
   Uses
      At line 93 in file RTE\\Device\\ADuCM3029\\startup_ADuCM3029.s
      At line 208 in file RTE\\Device\\ADuCM3029\\startup_ADuCM3029.s

PLL_Int_Handler 0000001A

Symbol: PLL_Int_Handler
   Definitions
      At line 350 in file RTE\\Device\\ADuCM3029\\startup_ADuCM3029.s
   Uses
      At line 152 in file RTE\\Device\\ADuCM3029\\startup_ADuCM3029.s
      At line 294 in file RTE\\Device\\ADuCM3029\\startup_ADuCM3029.s

PendSV_Handler 00000016

Symbol: PendSV_Handler
   Definitions
      At line 240 in file RTE\\Device\\ADuCM3029\\startup_ADuCM3029.s
   Uses
      At line 105 in file RTE\\Device\\ADuCM3029\\startup_ADuCM3029.s
      At line 241 in file RTE\\Device\\ADuCM3029\\startup_ADuCM3029.s

RNG_Int_Handler 0000001A

Symbol: RNG_Int_Handler
   Definitions
      At line 351 in file RTE\\Device\\ADuCM3029\\startup_ADuCM3029.s
   Uses



ARM Macro Assembler    Page 9 Alphabetic symbol ordering
Relocatable symbols

      At line 153 in file RTE\\Device\\ADuCM3029\\startup_ADuCM3029.s
      At line 295 in file RTE\\Device\\ADuCM3029\\startup_ADuCM3029.s

RTC0_Int_Handler 0000001A

Symbol: RTC0_Int_Handler
   Definitions
      At line 315 in file RTE\\Device\\ADuCM3029\\startup_ADuCM3029.s
   Uses
      At line 117 in file RTE\\Device\\ADuCM3029\\startup_ADuCM3029.s
      At line 259 in file RTE\\Device\\ADuCM3029\\startup_ADuCM3029.s

RTC1_Int_Handler 0000001A

Symbol: RTC1_Int_Handler
   Definitions
      At line 307 in file RTE\\Device\\ADuCM3029\\startup_ADuCM3029.s
   Uses
      At line 109 in file RTE\\Device\\ADuCM3029\\startup_ADuCM3029.s
      At line 251 in file RTE\\Device\\ADuCM3029\\startup_ADuCM3029.s

Reset_Handler 00000000

Symbol: Reset_Handler
   Definitions
      At line 183 in file RTE\\Device\\ADuCM3029\\startup_ADuCM3029.s
   Uses
      At line 92 in file RTE\\Device\\ADuCM3029\\startup_ADuCM3029.s
      At line 184 in file RTE\\Device\\ADuCM3029\\startup_ADuCM3029.s

SPI0_Int_Handler 0000001A

Symbol: SPI0_Int_Handler
   Definitions
      At line 322 in file RTE\\Device\\ADuCM3029\\startup_ADuCM3029.s
   Uses
      At line 124 in file RTE\\Device\\ADuCM3029\\startup_ADuCM3029.s
      At line 266 in file RTE\\Device\\ADuCM3029\\startup_ADuCM3029.s

SPI1_Int_Handler 0000001A

Symbol: SPI1_Int_Handler
   Definitions
      At line 349 in file RTE\\Device\\ADuCM3029\\startup_ADuCM3029.s
   Uses
      At line 151 in file RTE\\Device\\ADuCM3029\\startup_ADuCM3029.s
      At line 293 in file RTE\\Device\\ADuCM3029\\startup_ADuCM3029.s

SPI2_Int_Handler 0000001A

Symbol: SPI2_Int_Handler
   Definitions
      At line 323 in file RTE\\Device\\ADuCM3029\\startup_ADuCM3029.s
   Uses
      At line 125 in file RTE\\Device\\ADuCM3029\\startup_ADuCM3029.s
      At line 267 in file RTE\\Device\\ADuCM3029\\startup_ADuCM3029.s

SPORT0A_Int_Handler 0000001A




ARM Macro Assembler    Page 10 Alphabetic symbol ordering
Relocatable symbols

Symbol: SPORT0A_Int_Handler
   Definitions
      At line 343 in file RTE\\Device\\ADuCM3029\\startup_ADuCM3029.s
   Uses
      At line 145 in file RTE\\Device\\ADuCM3029\\startup_ADuCM3029.s
      At line 287 in file RTE\\Device\\ADuCM3029\\startup_ADuCM3029.s

SPORT0B_Int_Handler 0000001A

Symbol: SPORT0B_Int_Handler
   Definitions
      At line 344 in file RTE\\Device\\ADuCM3029\\startup_ADuCM3029.s
   Uses
      At line 146 in file RTE\\Device\\ADuCM3029\\startup_ADuCM3029.s
      At line 288 in file RTE\\Device\\ADuCM3029\\startup_ADuCM3029.s

SVC_Handler 00000012

Symbol: SVC_Handler
   Definitions
      At line 231 in file RTE\\Device\\ADuCM3029\\startup_ADuCM3029.s
   Uses
      At line 102 in file RTE\\Device\\ADuCM3029\\startup_ADuCM3029.s
      At line 232 in file RTE\\Device\\ADuCM3029\\startup_ADuCM3029.s

SysTick_Handler 00000018

Symbol: SysTick_Handler
   Definitions
      At line 244 in file RTE\\Device\\ADuCM3029\\startup_ADuCM3029.s
   Uses
      At line 106 in file RTE\\Device\\ADuCM3029\\startup_ADuCM3029.s
      At line 245 in file RTE\\Device\\ADuCM3029\\startup_ADuCM3029.s

UART_Int_Handler 0000001A

Symbol: UART_Int_Handler
   Definitions
      At line 321 in file RTE\\Device\\ADuCM3029\\startup_ADuCM3029.s
   Uses
      At line 123 in file RTE\\Device\\ADuCM3029\\startup_ADuCM3029.s
      At line 265 in file RTE\\Device\\ADuCM3029\\startup_ADuCM3029.s

UsageFault_Handler 00000010

Symbol: UsageFault_Handler
   Definitions
      At line 226 in file RTE\\Device\\ADuCM3029\\startup_ADuCM3029.s
   Uses
      At line 97 in file RTE\\Device\\ADuCM3029\\startup_ADuCM3029.s
      At line 228 in file RTE\\Device\\ADuCM3029\\startup_ADuCM3029.s

Vreg_over_Int_Handler 0000001A

Symbol: Vreg_over_Int_Handler
   Definitions
      At line 313 in file RTE\\Device\\ADuCM3029\\startup_ADuCM3029.s
   Uses
      At line 115 in file RTE\\Device\\ADuCM3029\\startup_ADuCM3029.s



ARM Macro Assembler    Page 11 Alphabetic symbol ordering
Relocatable symbols

      At line 257 in file RTE\\Device\\ADuCM3029\\startup_ADuCM3029.s

WDog_Tmr_Int_Handler 0000001A

Symbol: WDog_Tmr_Int_Handler
   Definitions
      At line 312 in file RTE\\Device\\ADuCM3029\\startup_ADuCM3029.s
   Uses
      At line 114 in file RTE\\Device\\ADuCM3029\\startup_ADuCM3029.s
      At line 256 in file RTE\\Device\\ADuCM3029\\startup_ADuCM3029.s

67 symbols



ARM Macro Assembler    Page 1 Alphabetic symbol ordering
Absolute symbols

Heap_Size 00000C00

Symbol: Heap_Size
   Definitions
      At line 72 in file RTE\\Device\\ADuCM3029\\startup_ADuCM3029.s
   Uses
      At line 76 in file RTE\\Device\\ADuCM3029\\startup_ADuCM3029.s
Comment: Heap_Size used once
Stack_Size 00000400

Symbol: Stack_Size
   Definitions
      At line 61 in file RTE\\Device\\ADuCM3029\\startup_ADuCM3029.s
   Uses
      At line 64 in file RTE\\Device\\ADuCM3029\\startup_ADuCM3029.s
Comment: Stack_Size used once
__Vectors_Size 00000144

Symbol: __Vectors_Size
   Definitions
      At line 176 in file RTE\\Device\\ADuCM3029\\startup_ADuCM3029.s
   Uses
      At line 89 in file RTE\\Device\\ADuCM3029\\startup_ADuCM3029.s
Comment: __Vectors_Size used once
3 symbols



ARM Macro Assembler    Page 1 Alphabetic symbol ordering
External symbols

SystemInit 00000000

Symbol: SystemInit
   Definitions
      At line 185 in file RTE\\Device\\ADuCM3029\\startup_ADuCM3029.s
   Uses
      At line 198 in file RTE\\Device\\ADuCM3029\\startup_ADuCM3029.s
Comment: SystemInit used once
__main 00000000

Symbol: __main
   Definitions
      At line 186 in file RTE\\Device\\ADuCM3029\\startup_ADuCM3029.s
   Uses
      At line 200 in file RTE\\Device\\ADuCM3029\\startup_ADuCM3029.s
Comment: __main used once
2 symbols
419 symbols in table
